[debug] [2024-05-21T07:44:03.256Z] ----------------------------------------------------------------------
[debug] [2024-05-21T07:44:03.257Z] Command:       C:\Program Files\nodejs\node.exe C:\Users\priyal.jain\AppData\Roaming\npm\node_modules\firebase-tools\lib\bin\firebase.js deploy
[debug] [2024-05-21T07:44:03.258Z] CLI Version:   13.8.1
[debug] [2024-05-21T07:44:03.258Z] Platform:      win32
[debug] [2024-05-21T07:44:03.258Z] Node Version:  v18.12.1
[debug] [2024-05-21T07:44:03.259Z] Time:          Tue May 21 2024 13:14:03 GMT+0530 (India Standard Time)
[debug] [2024-05-21T07:44:03.259Z] ----------------------------------------------------------------------
[debug] 
[debug] [2024-05-21T07:44:03.338Z] > command requires scopes: ["email","openid","https://www.googleapis.com/auth/cloudplatformprojects.readonly","https://www.googleapis.com/auth/firebase","https://www.googleapis.com/auth/cloud-platform"]
[debug] [2024-05-21T07:44:03.338Z] > authorizing via signed-in user (priyaljain919@gmail.com)
[debug] [2024-05-21T07:44:03.338Z] [iam] checking project cloud-community-days-2024 for permissions ["firebase.projects.get","firebasehosting.sites.update"]
[debug] [2024-05-21T07:44:03.340Z] > refreshing access token with scopes: []
[debug] [2024-05-21T07:44:03.342Z] >>> [apiv2][query] POST https://www.googleapis.com/oauth2/v3/token [none]
[debug] [2024-05-21T07:44:03.342Z] >>> [apiv2][body] POST https://www.googleapis.com/oauth2/v3/token [omitted]
[debug] [2024-05-21T07:44:03.434Z] *** [apiv2] error from fetch(https://www.googleapis.com/oauth2/v3/token, {"headers":{},"method":"POST","body":{"_overheadLength":545,"_valueLength":212,"_valuesToMeasure":[],"writable":false,"readable":true,"dataSize":0,"maxDataSize":2097152,"pauseStreams":true,"_released":true,"_streams":[],"_currentStream":null,"_insideLoop":false,"_pendingNext":false,"_boundary":"--------------------------266423794503353821037943","_events":{},"_eventsCount":1}}): FetchError: request to https://www.googleapis.com/oauth2/v3/token failed, reason: connect EACCES 2404:6800:4009:81e::200a:443
[debug] [2024-05-21T07:44:03.435Z] [iam] error while checking permissions, command may fail: FirebaseError: Authentication Error: Your credentials are no longer valid. Please run firebase login --reauth

For CI servers and headless environments, generate a new token with firebase login:ci
[debug] [2024-05-21T07:44:03.436Z] > refreshing access token with scopes: []
[debug] [2024-05-21T07:44:03.437Z] >>> [apiv2][query] POST https://www.googleapis.com/oauth2/v3/token [none]
[debug] [2024-05-21T07:44:03.437Z] >>> [apiv2][body] POST https://www.googleapis.com/oauth2/v3/token [omitted]
[debug] [2024-05-21T07:44:03.442Z] *** [apiv2] error from fetch(https://www.googleapis.com/oauth2/v3/token, {"headers":{},"method":"POST","body":{"_overheadLength":545,"_valueLength":212,"_valuesToMeasure":[],"writable":false,"readable":true,"dataSize":0,"maxDataSize":2097152,"pauseStreams":true,"_released":true,"_streams":[],"_currentStream":null,"_insideLoop":false,"_pendingNext":false,"_boundary":"--------------------------063398481552563565884894","_events":{},"_eventsCount":1}}): FetchError: request to https://www.googleapis.com/oauth2/v3/token failed, reason: connect EACCES 2404:6800:4009:81e::200a:443
[debug] [2024-05-21T07:44:03.443Z] Authentication Error: Your credentials are no longer valid. Please run firebase login --reauth

For CI servers and headless environments, generate a new token with firebase login:ci
[error] 
[error] Error: Assertion failed: resolving hosting target of a site with no site name or target name. This should have caused an error earlier
